
96. Printing statistics.

=== usb ===

   Number of wires:               1126
   Number of wire bits:           1150
   Number of public wires:         199
   Number of public wire bits:     223
   Number of memories:               0
   Number of memory bits:            0
   Number of processes:              0
   Number of cells:               1127
     sky130_fd_sc_hd__a211o_2        2
     sky130_fd_sc_hd__a21o_2        10
     sky130_fd_sc_hd__a21oi_2       10
     sky130_fd_sc_hd__a21oi_4        3
     sky130_fd_sc_hd__a22o_2         6
     sky130_fd_sc_hd__a2bb2o_2       1
     sky130_fd_sc_hd__a31o_2         2
     sky130_fd_sc_hd__a31oi_2        2
     sky130_fd_sc_hd__a32oi_2        1
     sky130_fd_sc_hd__and2_2        13
     sky130_fd_sc_hd__and2_4         2
     sky130_fd_sc_hd__and2b_2        4
     sky130_fd_sc_hd__and3_2        11
     sky130_fd_sc_hd__and3b_2        2
     sky130_fd_sc_hd__and4_2         1
     sky130_fd_sc_hd__and4_4         3
     sky130_fd_sc_hd__buf_1         30
     sky130_fd_sc_hd__buf_12         1
     sky130_fd_sc_hd__buf_2         69
     sky130_fd_sc_hd__buf_4          5
     sky130_fd_sc_hd__buf_6          8
     sky130_fd_sc_hd__buf_8          1
     sky130_fd_sc_hd__dfrtp_2       90
     sky130_fd_sc_hd__dfstp_2       39
     sky130_fd_sc_hd__dfxtp_2       65
     sky130_fd_sc_hd__inv_2        129
     sky130_fd_sc_hd__inv_4          1
     sky130_fd_sc_hd__mux2_1         4
     sky130_fd_sc_hd__mux2_2        51
     sky130_fd_sc_hd__nand2_2      257
     sky130_fd_sc_hd__nand2_4       10
     sky130_fd_sc_hd__nand2b_2       3
     sky130_fd_sc_hd__nand3_2       59
     sky130_fd_sc_hd__nand3_4        3
     sky130_fd_sc_hd__nand3b_2       8
     sky130_fd_sc_hd__nor2_2        74
     sky130_fd_sc_hd__nor2_4         9
     sky130_fd_sc_hd__nor2_8         4
     sky130_fd_sc_hd__nor2b_2        2
     sky130_fd_sc_hd__nor3_2         7
     sky130_fd_sc_hd__o211a_2        1
     sky130_fd_sc_hd__o211ai_2       4
     sky130_fd_sc_hd__o211ai_4       2
     sky130_fd_sc_hd__o21a_2        10
     sky130_fd_sc_hd__o21ai_2       41
     sky130_fd_sc_hd__o21ai_4       24
     sky130_fd_sc_hd__o21ba_2        1
     sky130_fd_sc_hd__o21bai_2       1
     sky130_fd_sc_hd__o221ai_4       2
     sky130_fd_sc_hd__o22a_2         3
     sky130_fd_sc_hd__o22ai_2        2
     sky130_fd_sc_hd__o2bb2a_2       1
     sky130_fd_sc_hd__o2bb2ai_2      1
     sky130_fd_sc_hd__o2bb2ai_4      1
     sky130_fd_sc_hd__o31a_2         1
     sky130_fd_sc_hd__or2_2          8
     sky130_fd_sc_hd__or2_4          3
     sky130_fd_sc_hd__or2b_2         2
     sky130_fd_sc_hd__or3_2          4
     sky130_fd_sc_hd__xnor2_2        9
     sky130_fd_sc_hd__xor2_2         4

   Chip area for module '\usb': 11852.617600

