Sat Sep 17 18:58:54 UTC 2022 - Executing "openroad -python /openlane/scripts/odbpy/lefutil.py get_metal_layers -o /openlane/designs/usb/runs/explore/tmp/layers.list /home/javiersolera/OpenLane/pdks/sky130A/libs.ref/sky130_fd_sc_hd/techlef/sky130_fd_sc_hd__nom.tlef"

Sat Sep 17 18:58:54 UTC 2022 - Executing "/openlane/scripts/mergeLef.py -o /openlane/designs/usb/runs/explore/tmp/merged.nom.lef -i /home/javiersolera/OpenLane/pdks/sky130A/libs.ref/sky130_fd_sc_hd/techlef/sky130_fd_sc_hd__nom.tlef {/home/javiersolera/OpenLane/pdks/sky130A/libs.ref/sky130_fd_sc_hd/lef/sky130_fd_sc_hd.lef /home/javiersolera/OpenLane/pdks/sky130A/libs.ref/sky130_fd_sc_hd/lef/sky130_ef_sc_hd.lef} |& tee /dev/null"

Sat Sep 17 18:58:54 UTC 2022 - Executing "/openlane/scripts/mergeLef.py -o /openlane/designs/usb/runs/explore/tmp/merged.min.lef -i /home/javiersolera/OpenLane/pdks/sky130A/libs.ref/sky130_fd_sc_hd/techlef/sky130_fd_sc_hd__min.tlef {/home/javiersolera/OpenLane/pdks/sky130A/libs.ref/sky130_fd_sc_hd/lef/sky130_fd_sc_hd.lef /home/javiersolera/OpenLane/pdks/sky130A/libs.ref/sky130_fd_sc_hd/lef/sky130_ef_sc_hd.lef} |& tee /dev/null"

Sat Sep 17 18:58:55 UTC 2022 - Executing "/openlane/scripts/mergeLef.py -o /openlane/designs/usb/runs/explore/tmp/merged.max.lef -i /home/javiersolera/OpenLane/pdks/sky130A/libs.ref/sky130_fd_sc_hd/techlef/sky130_fd_sc_hd__max.tlef {/home/javiersolera/OpenLane/pdks/sky130A/libs.ref/sky130_fd_sc_hd/lef/sky130_fd_sc_hd.lef /home/javiersolera/OpenLane/pdks/sky130A/libs.ref/sky130_fd_sc_hd/lef/sky130_ef_sc_hd.lef} |& tee /dev/null"

Sat Sep 17 18:58:55 UTC 2022 - Executing "openroad -python /openlane/scripts/mergeLib.py --output /openlane/designs/usb/runs/explore/tmp/synthesis/merged.lib --name sky130A_merged /home/javiersolera/OpenLane/pdks/sky130A/libs.ref/sky130_fd_sc_hd/lib/sky130_fd_sc_hd__tt_025C_1v80.lib"

Sat Sep 17 18:58:56 UTC 2022 - Executing "openroad -python /openlane/scripts/libtrim.py --cell-file /openlane/designs/usb/runs/explore/tmp/synthesis/trimmed.lib.exclude.list --output /openlane/designs/usb/runs/explore/tmp/synthesis/trimmed.lib /openlane/designs/usb/runs/explore/tmp/synthesis/merged.lib"

Sat Sep 17 18:58:57 UTC 2022 - Executing "openroad -python /openlane/scripts/new_tracks.py -i /home/javiersolera/OpenLane/pdks/sky130A/libs.tech/openlane/sky130_fd_sc_hd/tracks.info -o /openlane/designs/usb/runs/explore/tmp/routing/config.tracks"

Sat Sep 17 18:58:57 UTC 2022 - Executing "echo {openlane 63b5966c2874da8bf01a831f0ee9dc68382a4958} > /openlane/designs/usb/runs/explore/OPENLANE_VERSION"

Sat Sep 17 18:58:57 UTC 2022 - Executing "sed -E {s/^([[:space:]]+)pg_pin(.*)/\1pin\2\n\1    direction : "inout";/g} /home/javiersolera/OpenLane/pdks/sky130A/libs.ref/sky130_fd_sc_hd/lib/sky130_fd_sc_hd__tt_025C_1v80.lib > /openlane/designs/usb/runs/explore/tmp/synthesis/0-sky130_fd_sc_hd__tt_025C_1v80.no_pg.lib"

Sat Sep 17 18:58:58 UTC 2022 - Executing "sed -E {s/^([[:space:]]+)pg_pin(.*)/\1pin\2\n\1    direction : "inout";/g} /openlane/designs/usb/runs/explore/tmp/synthesis/trimmed.lib > /openlane/designs/usb/runs/explore/tmp/synthesis/0-trimmed.no_pg.lib"

Sat Sep 17 18:58:58 UTC 2022 - Executing "yosys -c /openlane/scripts/yosys/synth.tcl -l /openlane/designs/usb/runs/explore/logs/synthesis/0-synthesis.log |& tee /dev/null"

Sat Sep 17 18:59:21 UTC 2022 - Executing "sed -i -e {s/\(set ::env(CURRENT_NETLIST)\).*/\1 \/openlane\/designs\/usb\/runs\/explore\/results\/synthesis\/usb.v/} /openlane/designs/usb/runs/explore/config.tcl"

Sat Sep 17 18:59:21 UTC 2022 - Executing "sed -i -e {s/\(set ::env(PREV_NETLIST)\).*/\1 0/} /openlane/designs/usb/runs/explore/config.tcl"

Sat Sep 17 18:59:22 UTC 2022 - Executing "openroad -python /openlane/scripts/synth_exp/analyze.py --output /openlane/designs/usb/runs/explore/reports/synthesis/0-exploration_analysis.html /openlane/designs/usb/runs/explore/logs/synthesis/0-synthesis.log"

Fri Sep 23 18:57:33 UTC 2022 - Executing "openroad -python /openlane/scripts/odbpy/lefutil.py get_metal_layers -o /openlane/designs/usb/runs/explore/tmp/layers.list /home/javiersolera/OpenLane/pdks/sky130A/libs.ref/sky130_fd_sc_hd/techlef/sky130_fd_sc_hd__nom.tlef"

Fri Sep 23 18:57:34 UTC 2022 - Executing "/openlane/scripts/mergeLef.py -o /openlane/designs/usb/runs/explore/tmp/merged.nom.lef -i /home/javiersolera/OpenLane/pdks/sky130A/libs.ref/sky130_fd_sc_hd/techlef/sky130_fd_sc_hd__nom.tlef {/home/javiersolera/OpenLane/pdks/sky130A/libs.ref/sky130_fd_sc_hd/lef/sky130_fd_sc_hd.lef /home/javiersolera/OpenLane/pdks/sky130A/libs.ref/sky130_fd_sc_hd/lef/sky130_ef_sc_hd.lef} |& tee /dev/null"

Fri Sep 23 18:57:34 UTC 2022 - Executing "/openlane/scripts/mergeLef.py -o /openlane/designs/usb/runs/explore/tmp/merged.min.lef -i /home/javiersolera/OpenLane/pdks/sky130A/libs.ref/sky130_fd_sc_hd/techlef/sky130_fd_sc_hd__min.tlef {/home/javiersolera/OpenLane/pdks/sky130A/libs.ref/sky130_fd_sc_hd/lef/sky130_fd_sc_hd.lef /home/javiersolera/OpenLane/pdks/sky130A/libs.ref/sky130_fd_sc_hd/lef/sky130_ef_sc_hd.lef} |& tee /dev/null"

Fri Sep 23 18:57:34 UTC 2022 - Executing "/openlane/scripts/mergeLef.py -o /openlane/designs/usb/runs/explore/tmp/merged.max.lef -i /home/javiersolera/OpenLane/pdks/sky130A/libs.ref/sky130_fd_sc_hd/techlef/sky130_fd_sc_hd__max.tlef {/home/javiersolera/OpenLane/pdks/sky130A/libs.ref/sky130_fd_sc_hd/lef/sky130_fd_sc_hd.lef /home/javiersolera/OpenLane/pdks/sky130A/libs.ref/sky130_fd_sc_hd/lef/sky130_ef_sc_hd.lef} |& tee /dev/null"

Fri Sep 23 18:57:34 UTC 2022 - Executing "openroad -python /openlane/scripts/mergeLib.py --output /openlane/designs/usb/runs/explore/tmp/synthesis/merged.lib --name sky130A_merged /home/javiersolera/OpenLane/pdks/sky130A/libs.ref/sky130_fd_sc_hd/lib/sky130_fd_sc_hd__tt_025C_1v80.lib"

Fri Sep 23 18:57:35 UTC 2022 - Executing "openroad -python /openlane/scripts/libtrim.py --cell-file /openlane/designs/usb/runs/explore/tmp/synthesis/trimmed.lib.exclude.list --output /openlane/designs/usb/runs/explore/tmp/synthesis/trimmed.lib /openlane/designs/usb/runs/explore/tmp/synthesis/merged.lib"

Fri Sep 23 18:57:36 UTC 2022 - Executing "openroad -python /openlane/scripts/new_tracks.py -i /home/javiersolera/OpenLane/pdks/sky130A/libs.tech/openlane/sky130_fd_sc_hd/tracks.info -o /openlane/designs/usb/runs/explore/tmp/routing/config.tracks"

Fri Sep 23 18:57:36 UTC 2022 - Executing "echo {openlane 63b5966c2874da8bf01a831f0ee9dc68382a4958} > /openlane/designs/usb/runs/explore/OPENLANE_VERSION"

Fri Sep 23 18:57:37 UTC 2022 - Executing "sed -E {s/^([[:space:]]+)pg_pin(.*)/\1pin\2\n\1    direction : "inout";/g} /home/javiersolera/OpenLane/pdks/sky130A/libs.ref/sky130_fd_sc_hd/lib/sky130_fd_sc_hd__tt_025C_1v80.lib > /openlane/designs/usb/runs/explore/tmp/synthesis/0-sky130_fd_sc_hd__tt_025C_1v80.no_pg.lib"

Fri Sep 23 18:57:37 UTC 2022 - Executing "sed -E {s/^([[:space:]]+)pg_pin(.*)/\1pin\2\n\1    direction : "inout";/g} /openlane/designs/usb/runs/explore/tmp/synthesis/trimmed.lib > /openlane/designs/usb/runs/explore/tmp/synthesis/0-trimmed.no_pg.lib"

Fri Sep 23 18:57:37 UTC 2022 - Executing "yosys -c /openlane/scripts/yosys/synth.tcl -l /openlane/designs/usb/runs/explore/logs/synthesis/0-synthesis.log |& tee /dev/null"

Fri Sep 23 18:58:02 UTC 2022 - Executing "sed -i -e {s/\(set ::env(CURRENT_NETLIST)\).*/\1 \/openlane\/designs\/usb\/runs\/explore\/results\/synthesis\/usb.v/} /openlane/designs/usb/runs/explore/config.tcl"

Fri Sep 23 18:58:02 UTC 2022 - Executing "sed -i -e {s/\(set ::env(PREV_NETLIST)\).*/\1 \/openlane\/designs\/usb\/runs\/explore\/results\/synthesis\/usb.v/} /openlane/designs/usb/runs/explore/config.tcl"

Fri Sep 23 18:58:02 UTC 2022 - Executing "openroad -python /openlane/scripts/synth_exp/analyze.py --output /openlane/designs/usb/runs/explore/reports/synthesis/0-exploration_analysis.html /openlane/designs/usb/runs/explore/logs/synthesis/0-synthesis.log"

